DEBUG - 2026-03-12 07:54:26 --> Session: Class initialized using 'CodeIgniter\Session\Handlers\FileHandler' driver.
DEBUG - 2026-03-12 07:54:28 --> Session: Class initialized using 'CodeIgniter\Session\Handlers\FileHandler' driver.
DEBUG - 2026-03-12 07:55:23 --> Session: Class initialized using 'CodeIgniter\Session\Handlers\FileHandler' driver.
DEBUG - 2026-03-12 07:55:23 --> Session: Class initialized using 'CodeIgniter\Session\Handlers\FileHandler' driver.
DEBUG - 2026-03-12 07:55:39 --> Session: Class initialized using 'CodeIgniter\Session\Handlers\FileHandler' driver.
DEBUG - 2026-03-12 07:55:45 --> Session: Class initialized using 'CodeIgniter\Session\Handlers\FileHandler' driver.
DEBUG - 2026-03-12 07:55:59 --> Session: Class initialized using 'CodeIgniter\Session\Handlers\FileHandler' driver.
DEBUG - 2026-03-12 07:56:00 --> Session: Class initialized using 'CodeIgniter\Session\Handlers\FileHandler' driver.
DEBUG - 2026-03-12 07:56:04 --> Session: Class initialized using 'CodeIgniter\Session\Handlers\FileHandler' driver.
WARNING - 2026-03-12 07:56:04 --> [DEPRECATED] trim(): Passing null to parameter #1 ($string) of type string is deprecated in APPPATH\Controllers\Inventory.php on line 157.
 1 APPPATH\Controllers\Inventory.php(157): trim(null)
 2 SYSTEMPATH\CodeIgniter.php(951): App\Controllers\Inventory->save()
 3 SYSTEMPATH\CodeIgniter.php(497): CodeIgniter\CodeIgniter->runController(Object(App\Controllers\Inventory))
 4 SYSTEMPATH\CodeIgniter.php(340): CodeIgniter\CodeIgniter->handleRequest(null, Object(Config\Cache), false)
 5 SYSTEMPATH\Boot.php(417): CodeIgniter\CodeIgniter->run()
 6 SYSTEMPATH\Boot.php(68): CodeIgniter\Boot::runCodeIgniter(Object(CodeIgniter\CodeIgniter))
 7 FCPATH\index.php(59): CodeIgniter\Boot::bootWeb(Object(Config\Paths))
WARNING - 2026-03-12 07:56:04 --> [DEPRECATED] trim(): Passing null to parameter #1 ($string) of type string is deprecated in APPPATH\Controllers\Inventory.php on line 158.
 1 APPPATH\Controllers\Inventory.php(158): trim(null)
 2 SYSTEMPATH\CodeIgniter.php(951): App\Controllers\Inventory->save()
 3 SYSTEMPATH\CodeIgniter.php(497): CodeIgniter\CodeIgniter->runController(Object(App\Controllers\Inventory))
 4 SYSTEMPATH\CodeIgniter.php(340): CodeIgniter\CodeIgniter->handleRequest(null, Object(Config\Cache), false)
 5 SYSTEMPATH\Boot.php(417): CodeIgniter\CodeIgniter->run()
 6 SYSTEMPATH\Boot.php(68): CodeIgniter\Boot::runCodeIgniter(Object(CodeIgniter\CodeIgniter))
 7 FCPATH\index.php(59): CodeIgniter\Boot::bootWeb(Object(Config\Paths))
DEBUG - 2026-03-12 07:56:05 --> Session: Class initialized using 'CodeIgniter\Session\Handlers\FileHandler' driver.
DEBUG - 2026-03-12 07:56:15 --> Session: Class initialized using 'CodeIgniter\Session\Handlers\FileHandler' driver.
DEBUG - 2026-03-12 07:56:30 --> Session: Class initialized using 'CodeIgniter\Session\Handlers\FileHandler' driver.
DEBUG - 2026-03-12 07:56:39 --> Session: Class initialized using 'CodeIgniter\Session\Handlers\FileHandler' driver.
DEBUG - 2026-03-12 07:56:40 --> Session: Class initialized using 'CodeIgniter\Session\Handlers\FileHandler' driver.
DEBUG - 2026-03-12 07:56:44 --> Session: Class initialized using 'CodeIgniter\Session\Handlers\FileHandler' driver.
DEBUG - 2026-03-12 07:58:08 --> Session: Class initialized using 'CodeIgniter\Session\Handlers\FileHandler' driver.
DEBUG - 2026-03-12 07:58:31 --> Session: Class initialized using 'CodeIgniter\Session\Handlers\FileHandler' driver.
DEBUG - 2026-03-12 07:58:31 --> Session: Class initialized using 'CodeIgniter\Session\Handlers\FileHandler' driver.
DEBUG - 2026-03-12 07:58:35 --> Session: Class initialized using 'CodeIgniter\Session\Handlers\FileHandler' driver.
DEBUG - 2026-03-12 08:10:02 --> Session: Class initialized using 'CodeIgniter\Session\Handlers\FileHandler' driver.
DEBUG - 2026-03-12 08:10:16 --> Session: Class initialized using 'CodeIgniter\Session\Handlers\FileHandler' driver.
DEBUG - 2026-03-12 08:10:22 --> Session: Class initialized using 'CodeIgniter\Session\Handlers\FileHandler' driver.
DEBUG - 2026-03-12 08:11:44 --> Session: Class initialized using 'CodeIgniter\Session\Handlers\FileHandler' driver.
ERROR - 2026-03-12 08:11:44 --> [Microsoft][ODBC Driver 17 for SQL Server][SQL Server]Incorrect syntax near the keyword 'IN'. SQLSTATE: 42000, code: 156
in SYSTEMPATH\Database\BaseConnection.php on line 769.
 1 SYSTEMPATH\Database\BaseConnection.php(686): CodeIgniter\Database\BaseConnection->simpleQuery('SELECT "ukuran", SUM(stok_depan) as total
FROM "GA_Inventory"."dbo"."items"
WHERE "stok_depan" > 0
AND "ukuran" IS NOT NULL
AND "ukuran" != \'\'
AND UPPER(ukuran) != IN (\'N/A\',\'NA\',\'-\',\'--\')
GROUP BY "ukuran"
ORDER BY "total" DESC')
 2 SYSTEMPATH\Database\SQLSRV\Builder.php(656): CodeIgniter\Database\BaseConnection->query('SELECT "ukuran", SUM(stok_depan) as total
FROM "GA_Inventory"."dbo"."items"
WHERE "stok_depan" > :stok_depan:
AND "ukuran" IS NOT NULL
AND "ukuran" != \'\'
AND UPPER(ukuran) != IN :UPPER(ukuran) !=:
GROUP BY "ukuran"
ORDER BY "total" DESC', [...], false)
 3 APPPATH\Controllers\Dashboard.php(172): CodeIgniter\Database\SQLSRV\Builder->get()
 4 SYSTEMPATH\CodeIgniter.php(951): App\Controllers\Dashboard->index()
 5 SYSTEMPATH\CodeIgniter.php(497): CodeIgniter\CodeIgniter->runController(Object(App\Controllers\Dashboard))
 6 SYSTEMPATH\CodeIgniter.php(340): CodeIgniter\CodeIgniter->handleRequest(null, Object(Config\Cache), false)
 7 SYSTEMPATH\Boot.php(417): CodeIgniter\CodeIgniter->run()
 8 SYSTEMPATH\Boot.php(68): CodeIgniter\Boot::runCodeIgniter(Object(CodeIgniter\CodeIgniter))
 9 FCPATH\index.php(59): CodeIgniter\Boot::bootWeb(Object(Config\Paths))
CRITICAL - 2026-03-12 08:11:44 --> CodeIgniter\Database\Exceptions\DatabaseException: [Microsoft][ODBC Driver 17 for SQL Server][SQL Server]Incorrect syntax near the keyword 'IN'. SQLSTATE: 42000, code: 156
[Method: GET, Route: dashboard]
in SYSTEMPATH\Database\BaseConnection.php on line 724.
 1 SYSTEMPATH\Database\SQLSRV\Builder.php(656): CodeIgniter\Database\BaseConnection->query('SELECT "ukuran", SUM(stok_depan) as total
FROM "GA_Inventory"."dbo"."items"
WHERE "stok_depan" > :stok_depan:
AND "ukuran" IS NOT NULL
AND "ukuran" != \'\'
AND UPPER(ukuran) != IN :UPPER(ukuran) !=:
GROUP BY "ukuran"
ORDER BY "total" DESC', [...], false)
 2 APPPATH\Controllers\Dashboard.php(172): CodeIgniter\Database\SQLSRV\Builder->get()
 3 SYSTEMPATH\CodeIgniter.php(951): App\Controllers\Dashboard->index()
 4 SYSTEMPATH\CodeIgniter.php(497): CodeIgniter\CodeIgniter->runController(Object(App\Controllers\Dashboard))
 5 SYSTEMPATH\CodeIgniter.php(340): CodeIgniter\CodeIgniter->handleRequest(null, Object(Config\Cache), false)
 6 SYSTEMPATH\Boot.php(417): CodeIgniter\CodeIgniter->run()
 7 SYSTEMPATH\Boot.php(68): CodeIgniter\Boot::runCodeIgniter(Object(CodeIgniter\CodeIgniter))
 8 FCPATH\index.php(59): CodeIgniter\Boot::bootWeb(Object(Config\Paths))
CRITICAL - 2026-03-12 08:11:44 --> [Caused by] CodeIgniter\Database\Exceptions\DatabaseException: [Microsoft][ODBC Driver 17 for SQL Server][SQL Server]Incorrect syntax near the keyword 'IN'. SQLSTATE: 42000, code: 156
in SYSTEMPATH\Database\SQLSRV\Connection.php on line 533.
 1 SYSTEMPATH\Database\BaseConnection.php(769): CodeIgniter\Database\SQLSRV\Connection->execute('SELECT "ukuran", SUM(stok_depan) as total
FROM "GA_Inventory"."dbo"."items"
WHERE "stok_depan" > 0
AND "ukuran" IS NOT NULL
AND "ukuran" != \'\'
AND UPPER(ukuran) != IN (\'N/A\',\'NA\',\'-\',\'--\')
GROUP BY "ukuran"
ORDER BY "total" DESC')
 2 SYSTEMPATH\Database\BaseConnection.php(686): CodeIgniter\Database\BaseConnection->simpleQuery('SELECT "ukuran", SUM(stok_depan) as total
FROM "GA_Inventory"."dbo"."items"
WHERE "stok_depan" > 0
AND "ukuran" IS NOT NULL
AND "ukuran" != \'\'
AND UPPER(ukuran) != IN (\'N/A\',\'NA\',\'-\',\'--\')
GROUP BY "ukuran"
ORDER BY "total" DESC')
 3 SYSTEMPATH\Database\SQLSRV\Builder.php(656): CodeIgniter\Database\BaseConnection->query('SELECT "ukuran", SUM(stok_depan) as total
FROM "GA_Inventory"."dbo"."items"
WHERE "stok_depan" > :stok_depan:
AND "ukuran" IS NOT NULL
AND "ukuran" != \'\'
AND UPPER(ukuran) != IN :UPPER(ukuran) !=:
GROUP BY "ukuran"
ORDER BY "total" DESC', [...], false)
 4 APPPATH\Controllers\Dashboard.php(172): CodeIgniter\Database\SQLSRV\Builder->get()
 5 SYSTEMPATH\CodeIgniter.php(951): App\Controllers\Dashboard->index()
 6 SYSTEMPATH\CodeIgniter.php(497): CodeIgniter\CodeIgniter->runController(Object(App\Controllers\Dashboard))
 7 SYSTEMPATH\CodeIgniter.php(340): CodeIgniter\CodeIgniter->handleRequest(null, Object(Config\Cache), false)
 8 SYSTEMPATH\Boot.php(417): CodeIgniter\CodeIgniter->run()
 9 SYSTEMPATH\Boot.php(68): CodeIgniter\Boot::runCodeIgniter(Object(CodeIgniter\CodeIgniter))
10 FCPATH\index.php(59): CodeIgniter\Boot::bootWeb(Object(Config\Paths))
DEBUG - 2026-03-12 08:13:24 --> Session: Class initialized using 'CodeIgniter\Session\Handlers\FileHandler' driver.
DEBUG - 2026-03-12 08:13:47 --> Session: Class initialized using 'CodeIgniter\Session\Handlers\FileHandler' driver.
DEBUG - 2026-03-12 08:14:03 --> Session: Class initialized using 'CodeIgniter\Session\Handlers\FileHandler' driver.
DEBUG - 2026-03-12 08:14:03 --> Session: Class initialized using 'CodeIgniter\Session\Handlers\FileHandler' driver.
DEBUG - 2026-03-12 08:14:06 --> Session: Class initialized using 'CodeIgniter\Session\Handlers\FileHandler' driver.
DEBUG - 2026-03-12 08:19:52 --> Session: Class initialized using 'CodeIgniter\Session\Handlers\FileHandler' driver.
DEBUG - 2026-03-12 08:19:56 --> Session: Class initialized using 'CodeIgniter\Session\Handlers\FileHandler' driver.
DEBUG - 2026-03-12 08:19:57 --> Session: Class initialized using 'CodeIgniter\Session\Handlers\FileHandler' driver.
WARNING - 2026-03-12 08:19:57 --> [DEPRECATED] strtotime(): Passing null to parameter #1 ($datetime) of type string is deprecated in APPPATH\Views\dispenser\index.php on line 55.
 1 APPPATH\Views\dispenser\index.php(55): strtotime(null)
 2 SYSTEMPATH\View\View.php(238): include('C:\\xampp\\htdocs\\ga-inventory\\app\\Views\\dispenser\\index.php')
 3 SYSTEMPATH\View\View.php(241): CodeIgniter\View\View->CodeIgniter\View\{closure}()
 4 SYSTEMPATH\Common.php(1250): CodeIgniter\View\View->render('dispenser/index', [], true)
 5 APPPATH\Controllers\Dispenser.php(13): view('dispenser/index', [...])
 6 SYSTEMPATH\CodeIgniter.php(951): App\Controllers\Dispenser->index()
 7 SYSTEMPATH\CodeIgniter.php(497): CodeIgniter\CodeIgniter->runController(Object(App\Controllers\Dispenser))
 8 SYSTEMPATH\CodeIgniter.php(340): CodeIgniter\CodeIgniter->handleRequest(null, Object(Config\Cache), false)
 9 SYSTEMPATH\Boot.php(417): CodeIgniter\CodeIgniter->run()
10 SYSTEMPATH\Boot.php(68): CodeIgniter\Boot::runCodeIgniter(Object(CodeIgniter\CodeIgniter))
11 FCPATH\index.php(59): CodeIgniter\Boot::bootWeb(Object(Config\Paths))
WARNING - 2026-03-12 08:19:57 --> [DEPRECATED] strtotime(): Passing null to parameter #1 ($datetime) of type string is deprecated in APPPATH\Views\dispenser\index.php on line 55.
 1 APPPATH\Views\dispenser\index.php(55): strtotime(null)
 2 SYSTEMPATH\View\View.php(238): include('C:\\xampp\\htdocs\\ga-inventory\\app\\Views\\dispenser\\index.php')
 3 SYSTEMPATH\View\View.php(241): CodeIgniter\View\View->CodeIgniter\View\{closure}()
 4 SYSTEMPATH\Common.php(1250): CodeIgniter\View\View->render('dispenser/index', [], true)
 5 APPPATH\Controllers\Dispenser.php(13): view('dispenser/index', [...])
 6 SYSTEMPATH\CodeIgniter.php(951): App\Controllers\Dispenser->index()
 7 SYSTEMPATH\CodeIgniter.php(497): CodeIgniter\CodeIgniter->runController(Object(App\Controllers\Dispenser))
 8 SYSTEMPATH\CodeIgniter.php(340): CodeIgniter\CodeIgniter->handleRequest(null, Object(Config\Cache), false)
 9 SYSTEMPATH\Boot.php(417): CodeIgniter\CodeIgniter->run()
10 SYSTEMPATH\Boot.php(68): CodeIgniter\Boot::runCodeIgniter(Object(CodeIgniter\CodeIgniter))
11 FCPATH\index.php(59): CodeIgniter\Boot::bootWeb(Object(Config\Paths))
WARNING - 2026-03-12 08:19:57 --> [DEPRECATED] strtotime(): Passing null to parameter #1 ($datetime) of type string is deprecated in APPPATH\Views\dispenser\index.php on line 55.
 1 APPPATH\Views\dispenser\index.php(55): strtotime(null)
 2 SYSTEMPATH\View\View.php(238): include('C:\\xampp\\htdocs\\ga-inventory\\app\\Views\\dispenser\\index.php')
 3 SYSTEMPATH\View\View.php(241): CodeIgniter\View\View->CodeIgniter\View\{closure}()
 4 SYSTEMPATH\Common.php(1250): CodeIgniter\View\View->render('dispenser/index', [], true)
 5 APPPATH\Controllers\Dispenser.php(13): view('dispenser/index', [...])
 6 SYSTEMPATH\CodeIgniter.php(951): App\Controllers\Dispenser->index()
 7 SYSTEMPATH\CodeIgniter.php(497): CodeIgniter\CodeIgniter->runController(Object(App\Controllers\Dispenser))
 8 SYSTEMPATH\CodeIgniter.php(340): CodeIgniter\CodeIgniter->handleRequest(null, Object(Config\Cache), false)
 9 SYSTEMPATH\Boot.php(417): CodeIgniter\CodeIgniter->run()
10 SYSTEMPATH\Boot.php(68): CodeIgniter\Boot::runCodeIgniter(Object(CodeIgniter\CodeIgniter))
11 FCPATH\index.php(59): CodeIgniter\Boot::bootWeb(Object(Config\Paths))
DEBUG - 2026-03-12 08:20:01 --> Session: Class initialized using 'CodeIgniter\Session\Handlers\FileHandler' driver.
WARNING - 2026-03-12 08:20:01 --> [DEPRECATED] strpos(): Passing null to parameter #1 ($haystack) of type string is deprecated in APPPATH\Views\inventory\log_karyawan_view.php on line 98.
 1 APPPATH\Views\inventory\log_karyawan_view.php(98): strpos(null, 'Depan')
 2 SYSTEMPATH\View\View.php(238): include('C:\\xampp\\htdocs\\ga-inventory\\app\\Views\\inventory\\log_karyawan_view.php')
 3 SYSTEMPATH\View\View.php(241): CodeIgniter\View\View->CodeIgniter\View\{closure}()
 4 SYSTEMPATH\Common.php(1250): CodeIgniter\View\View->render('inventory/log_karyawan_view', [], true)
 5 APPPATH\Controllers\Inventory.php(815): view('inventory/log_karyawan_view', [...])
 6 SYSTEMPATH\CodeIgniter.php(951): App\Controllers\Inventory->view_log_karyawan()
 7 SYSTEMPATH\CodeIgniter.php(497): CodeIgniter\CodeIgniter->runController(Object(App\Controllers\Inventory))
 8 SYSTEMPATH\CodeIgniter.php(340): CodeIgniter\CodeIgniter->handleRequest(null, Object(Config\Cache), false)
 9 SYSTEMPATH\Boot.php(417): CodeIgniter\CodeIgniter->run()
10 SYSTEMPATH\Boot.php(68): CodeIgniter\Boot::runCodeIgniter(Object(CodeIgniter\CodeIgniter))
11 FCPATH\index.php(59): CodeIgniter\Boot::bootWeb(Object(Config\Paths))
DEBUG - 2026-03-12 08:20:06 --> Session: Class initialized using 'CodeIgniter\Session\Handlers\FileHandler' driver.
DEBUG - 2026-03-12 08:20:06 --> Session: Class initialized using 'CodeIgniter\Session\Handlers\FileHandler' driver.
DEBUG - 2026-03-12 08:20:11 --> Session: Class initialized using 'CodeIgniter\Session\Handlers\FileHandler' driver.
DEBUG - 2026-03-12 08:20:11 --> Session: Class initialized using 'CodeIgniter\Session\Handlers\FileHandler' driver.
DEBUG - 2026-03-12 08:20:51 --> Session: Class initialized using 'CodeIgniter\Session\Handlers\FileHandler' driver.
DEBUG - 2026-03-12 08:20:55 --> Session: Class initialized using 'CodeIgniter\Session\Handlers\FileHandler' driver.
DEBUG - 2026-03-12 08:20:58 --> Session: Class initialized using 'CodeIgniter\Session\Handlers\FileHandler' driver.
WARNING - 2026-03-12 08:20:58 --> [DEPRECATED] strpos(): Passing null to parameter #1 ($haystack) of type string is deprecated in APPPATH\Views\inventory\log_karyawan_view.php on line 98.
 1 APPPATH\Views\inventory\log_karyawan_view.php(98): strpos(null, 'Depan')
 2 SYSTEMPATH\View\View.php(238): include('C:\\xampp\\htdocs\\ga-inventory\\app\\Views\\inventory\\log_karyawan_view.php')
 3 SYSTEMPATH\View\View.php(241): CodeIgniter\View\View->CodeIgniter\View\{closure}()
 4 SYSTEMPATH\Common.php(1250): CodeIgniter\View\View->render('inventory/log_karyawan_view', [], true)
 5 APPPATH\Controllers\Inventory.php(815): view('inventory/log_karyawan_view', [...])
 6 SYSTEMPATH\CodeIgniter.php(951): App\Controllers\Inventory->view_log_karyawan()
 7 SYSTEMPATH\CodeIgniter.php(497): CodeIgniter\CodeIgniter->runController(Object(App\Controllers\Inventory))
 8 SYSTEMPATH\CodeIgniter.php(340): CodeIgniter\CodeIgniter->handleRequest(null, Object(Config\Cache), false)
 9 SYSTEMPATH\Boot.php(417): CodeIgniter\CodeIgniter->run()
10 SYSTEMPATH\Boot.php(68): CodeIgniter\Boot::runCodeIgniter(Object(CodeIgniter\CodeIgniter))
11 FCPATH\index.php(59): CodeIgniter\Boot::bootWeb(Object(Config\Paths))
DEBUG - 2026-03-12 08:21:00 --> Session: Class initialized using 'CodeIgniter\Session\Handlers\FileHandler' driver.
DEBUG - 2026-03-12 08:21:02 --> Session: Class initialized using 'CodeIgniter\Session\Handlers\FileHandler' driver.
WARNING - 2026-03-12 08:21:02 --> [DEPRECATED] strtotime(): Passing null to parameter #1 ($datetime) of type string is deprecated in APPPATH\Views\dispenser\index.php on line 55.
 1 APPPATH\Views\dispenser\index.php(55): strtotime(null)
 2 SYSTEMPATH\View\View.php(238): include('C:\\xampp\\htdocs\\ga-inventory\\app\\Views\\dispenser\\index.php')
 3 SYSTEMPATH\View\View.php(241): CodeIgniter\View\View->CodeIgniter\View\{closure}()
 4 SYSTEMPATH\Common.php(1250): CodeIgniter\View\View->render('dispenser/index', [], true)
 5 APPPATH\Controllers\Dispenser.php(13): view('dispenser/index', [...])
 6 SYSTEMPATH\CodeIgniter.php(951): App\Controllers\Dispenser->index()
 7 SYSTEMPATH\CodeIgniter.php(497): CodeIgniter\CodeIgniter->runController(Object(App\Controllers\Dispenser))
 8 SYSTEMPATH\CodeIgniter.php(340): CodeIgniter\CodeIgniter->handleRequest(null, Object(Config\Cache), false)
 9 SYSTEMPATH\Boot.php(417): CodeIgniter\CodeIgniter->run()
10 SYSTEMPATH\Boot.php(68): CodeIgniter\Boot::runCodeIgniter(Object(CodeIgniter\CodeIgniter))
11 FCPATH\index.php(59): CodeIgniter\Boot::bootWeb(Object(Config\Paths))
WARNING - 2026-03-12 08:21:02 --> [DEPRECATED] strtotime(): Passing null to parameter #1 ($datetime) of type string is deprecated in APPPATH\Views\dispenser\index.php on line 55.
 1 APPPATH\Views\dispenser\index.php(55): strtotime(null)
 2 SYSTEMPATH\View\View.php(238): include('C:\\xampp\\htdocs\\ga-inventory\\app\\Views\\dispenser\\index.php')
 3 SYSTEMPATH\View\View.php(241): CodeIgniter\View\View->CodeIgniter\View\{closure}()
 4 SYSTEMPATH\Common.php(1250): CodeIgniter\View\View->render('dispenser/index', [], true)
 5 APPPATH\Controllers\Dispenser.php(13): view('dispenser/index', [...])
 6 SYSTEMPATH\CodeIgniter.php(951): App\Controllers\Dispenser->index()
 7 SYSTEMPATH\CodeIgniter.php(497): CodeIgniter\CodeIgniter->runController(Object(App\Controllers\Dispenser))
 8 SYSTEMPATH\CodeIgniter.php(340): CodeIgniter\CodeIgniter->handleRequest(null, Object(Config\Cache), false)
 9 SYSTEMPATH\Boot.php(417): CodeIgniter\CodeIgniter->run()
10 SYSTEMPATH\Boot.php(68): CodeIgniter\Boot::runCodeIgniter(Object(CodeIgniter\CodeIgniter))
11 FCPATH\index.php(59): CodeIgniter\Boot::bootWeb(Object(Config\Paths))
WARNING - 2026-03-12 08:21:02 --> [DEPRECATED] strtotime(): Passing null to parameter #1 ($datetime) of type string is deprecated in APPPATH\Views\dispenser\index.php on line 55.
 1 APPPATH\Views\dispenser\index.php(55): strtotime(null)
 2 SYSTEMPATH\View\View.php(238): include('C:\\xampp\\htdocs\\ga-inventory\\app\\Views\\dispenser\\index.php')
 3 SYSTEMPATH\View\View.php(241): CodeIgniter\View\View->CodeIgniter\View\{closure}()
 4 SYSTEMPATH\Common.php(1250): CodeIgniter\View\View->render('dispenser/index', [], true)
 5 APPPATH\Controllers\Dispenser.php(13): view('dispenser/index', [...])
 6 SYSTEMPATH\CodeIgniter.php(951): App\Controllers\Dispenser->index()
 7 SYSTEMPATH\CodeIgniter.php(497): CodeIgniter\CodeIgniter->runController(Object(App\Controllers\Dispenser))
 8 SYSTEMPATH\CodeIgniter.php(340): CodeIgniter\CodeIgniter->handleRequest(null, Object(Config\Cache), false)
 9 SYSTEMPATH\Boot.php(417): CodeIgniter\CodeIgniter->run()
10 SYSTEMPATH\Boot.php(68): CodeIgniter\Boot::runCodeIgniter(Object(CodeIgniter\CodeIgniter))
11 FCPATH\index.php(59): CodeIgniter\Boot::bootWeb(Object(Config\Paths))
DEBUG - 2026-03-12 08:21:04 --> Session: Class initialized using 'CodeIgniter\Session\Handlers\FileHandler' driver.
DEBUG - 2026-03-12 08:21:07 --> Session: Class initialized using 'CodeIgniter\Session\Handlers\FileHandler' driver.
DEBUG - 2026-03-12 08:21:10 --> Session: Class initialized using 'CodeIgniter\Session\Handlers\FileHandler' driver.
DEBUG - 2026-03-12 08:21:13 --> Session: Class initialized using 'CodeIgniter\Session\Handlers\FileHandler' driver.
DEBUG - 2026-03-12 08:21:19 --> Session: Class initialized using 'CodeIgniter\Session\Handlers\FileHandler' driver.
DEBUG - 2026-03-12 08:23:50 --> Session: Class initialized using 'CodeIgniter\Session\Handlers\FileHandler' driver.
DEBUG - 2026-03-12 08:23:59 --> Session: Class initialized using 'CodeIgniter\Session\Handlers\FileHandler' driver.
DEBUG - 2026-03-12 08:24:08 --> Session: Class initialized using 'CodeIgniter\Session\Handlers\FileHandler' driver.
DEBUG - 2026-03-12 08:24:08 --> Session: Class initialized using 'CodeIgniter\Session\Handlers\FileHandler' driver.
DEBUG - 2026-03-12 08:24:12 --> Session: Class initialized using 'CodeIgniter\Session\Handlers\FileHandler' driver.
DEBUG - 2026-03-12 09:48:31 --> Session: Class initialized using 'CodeIgniter\Session\Handlers\FileHandler' driver.
ERROR - 2026-03-12 09:49:23 --> [Microsoft][ODBC Driver 17 for SQL Server][SQL Server]Invalid column name 'category'. SQLSTATE: 42S22, code: 207
[Microsoft][ODBC Driver 17 for SQL Server][SQL Server]Invalid column name 'category'. SQLSTATE: 42S22, code: 207
in SYSTEMPATH\Database\BaseConnection.php on line 769.
 1 SYSTEMPATH\Database\BaseConnection.php(686): CodeIgniter\Database\BaseConnection->simpleQuery('SELECT "l"."created_at", "i"."nama_barang", "i"."category", "i"."ukuran", "l"."action_type", "l"."quantity", "l"."keterangan"
FROM "GA_Inventory"."dbo"."stock_logs" "l"
JOIN "GA_Inventory"."dbo"."items" "i" ON "i"."id" = "l"."item_id"
WHERE CAST(l.created_at AS DATE) >= \'2026-03-05\'
AND CAST(l.created_at AS DATE) <= \'2026-03-12\'
AND "i"."category" = \'Seragam\'
AND UPPER(i.ukuran) NOT IN (\'N/A\',\'NA\',\'-\',\'--\')
ORDER BY "l"."created_at" DESC')
 2 SYSTEMPATH\Database\SQLSRV\Builder.php(656): CodeIgniter\Database\BaseConnection->query('SELECT "l"."created_at", "i"."nama_barang", "i"."category", "i"."ukuran", "l"."action_type", "l"."quantity", "l"."keterangan"
FROM "GA_Inventory"."dbo"."stock_logs" "l"
JOIN "GA_Inventory"."dbo"."items" "i" ON "i"."id" = "l"."item_id"
WHERE CAST(l.created_at AS DATE) >= :CAST(l.created_at AS DATE):
AND CAST(l.created_at AS DATE) <= :CAST(l.created_at AS DATE).1:
AND "i"."category" = :i.category:
AND UPPER(i.ukuran) NOT IN :UPPER(i.ukuran):
ORDER BY "l"."created_at" DESC', [...], false)
 3 APPPATH\Controllers\Dashboard.php(302): CodeIgniter\Database\SQLSRV\Builder->get()
 4 SYSTEMPATH\CodeIgniter.php(951): App\Controllers\Dashboard->export_graph_data()
 5 SYSTEMPATH\CodeIgniter.php(497): CodeIgniter\CodeIgniter->runController(Object(App\Controllers\Dashboard))
 6 SYSTEMPATH\CodeIgniter.php(340): CodeIgniter\CodeIgniter->handleRequest(null, Object(Config\Cache), false)
 7 SYSTEMPATH\Boot.php(417): CodeIgniter\CodeIgniter->run()
 8 SYSTEMPATH\Boot.php(68): CodeIgniter\Boot::runCodeIgniter(Object(CodeIgniter\CodeIgniter))
 9 FCPATH\index.php(59): CodeIgniter\Boot::bootWeb(Object(Config\Paths))
CRITICAL - 2026-03-12 09:49:23 --> CodeIgniter\Database\Exceptions\DatabaseException: [Microsoft][ODBC Driver 17 for SQL Server][SQL Server]Invalid column name 'category'. SQLSTATE: 42S22, code: 207
[Microsoft][ODBC Driver 17 for SQL Server][SQL Server]Invalid column name 'category'. SQLSTATE: 42S22, code: 207
[Method: GET, Route: dashboard/export_graph_data]
in SYSTEMPATH\Database\BaseConnection.php on line 724.
 1 SYSTEMPATH\Database\SQLSRV\Builder.php(656): CodeIgniter\Database\BaseConnection->query('SELECT "l"."created_at", "i"."nama_barang", "i"."category", "i"."ukuran", "l"."action_type", "l"."quantity", "l"."keterangan"
FROM "GA_Inventory"."dbo"."stock_logs" "l"
JOIN "GA_Inventory"."dbo"."items" "i" ON "i"."id" = "l"."item_id"
WHERE CAST(l.created_at AS DATE) >= :CAST(l.created_at AS DATE):
AND CAST(l.created_at AS DATE) <= :CAST(l.created_at AS DATE).1:
AND "i"."category" = :i.category:
AND UPPER(i.ukuran) NOT IN :UPPER(i.ukuran):
ORDER BY "l"."created_at" DESC', [...], false)
 2 APPPATH\Controllers\Dashboard.php(302): CodeIgniter\Database\SQLSRV\Builder->get()
 3 SYSTEMPATH\CodeIgniter.php(951): App\Controllers\Dashboard->export_graph_data()
 4 SYSTEMPATH\CodeIgniter.php(497): CodeIgniter\CodeIgniter->runController(Object(App\Controllers\Dashboard))
 5 SYSTEMPATH\CodeIgniter.php(340): CodeIgniter\CodeIgniter->handleRequest(null, Object(Config\Cache), false)
 6 SYSTEMPATH\Boot.php(417): CodeIgniter\CodeIgniter->run()
 7 SYSTEMPATH\Boot.php(68): CodeIgniter\Boot::runCodeIgniter(Object(CodeIgniter\CodeIgniter))
 8 FCPATH\index.php(59): CodeIgniter\Boot::bootWeb(Object(Config\Paths))
CRITICAL - 2026-03-12 09:49:23 --> [Caused by] CodeIgniter\Database\Exceptions\DatabaseException: [Microsoft][ODBC Driver 17 for SQL Server][SQL Server]Invalid column name 'category'. SQLSTATE: 42S22, code: 207
[Microsoft][ODBC Driver 17 for SQL Server][SQL Server]Invalid column name 'category'. SQLSTATE: 42S22, code: 207
in SYSTEMPATH\Database\SQLSRV\Connection.php on line 533.
 1 SYSTEMPATH\Database\BaseConnection.php(769): CodeIgniter\Database\SQLSRV\Connection->execute('SELECT "l"."created_at", "i"."nama_barang", "i"."category", "i"."ukuran", "l"."action_type", "l"."quantity", "l"."keterangan"
FROM "GA_Inventory"."dbo"."stock_logs" "l"
JOIN "GA_Inventory"."dbo"."items" "i" ON "i"."id" = "l"."item_id"
WHERE CAST(l.created_at AS DATE) >= \'2026-03-05\'
AND CAST(l.created_at AS DATE) <= \'2026-03-12\'
AND "i"."category" = \'Seragam\'
AND UPPER(i.ukuran) NOT IN (\'N/A\',\'NA\',\'-\',\'--\')
ORDER BY "l"."created_at" DESC')
 2 SYSTEMPATH\Database\BaseConnection.php(686): CodeIgniter\Database\BaseConnection->simpleQuery('SELECT "l"."created_at", "i"."nama_barang", "i"."category", "i"."ukuran", "l"."action_type", "l"."quantity", "l"."keterangan"
FROM "GA_Inventory"."dbo"."stock_logs" "l"
JOIN "GA_Inventory"."dbo"."items" "i" ON "i"."id" = "l"."item_id"
WHERE CAST(l.created_at AS DATE) >= \'2026-03-05\'
AND CAST(l.created_at AS DATE) <= \'2026-03-12\'
AND "i"."category" = \'Seragam\'
AND UPPER(i.ukuran) NOT IN (\'N/A\',\'NA\',\'-\',\'--\')
ORDER BY "l"."created_at" DESC')
 3 SYSTEMPATH\Database\SQLSRV\Builder.php(656): CodeIgniter\Database\BaseConnection->query('SELECT "l"."created_at", "i"."nama_barang", "i"."category", "i"."ukuran", "l"."action_type", "l"."quantity", "l"."keterangan"
FROM "GA_Inventory"."dbo"."stock_logs" "l"
JOIN "GA_Inventory"."dbo"."items" "i" ON "i"."id" = "l"."item_id"
WHERE CAST(l.created_at AS DATE) >= :CAST(l.created_at AS DATE):
AND CAST(l.created_at AS DATE) <= :CAST(l.created_at AS DATE).1:
AND "i"."category" = :i.category:
AND UPPER(i.ukuran) NOT IN :UPPER(i.ukuran):
ORDER BY "l"."created_at" DESC', [...], false)
 4 APPPATH\Controllers\Dashboard.php(302): CodeIgniter\Database\SQLSRV\Builder->get()
 5 SYSTEMPATH\CodeIgniter.php(951): App\Controllers\Dashboard->export_graph_data()
 6 SYSTEMPATH\CodeIgniter.php(497): CodeIgniter\CodeIgniter->runController(Object(App\Controllers\Dashboard))
 7 SYSTEMPATH\CodeIgniter.php(340): CodeIgniter\CodeIgniter->handleRequest(null, Object(Config\Cache), false)
 8 SYSTEMPATH\Boot.php(417): CodeIgniter\CodeIgniter->run()
 9 SYSTEMPATH\Boot.php(68): CodeIgniter\Boot::runCodeIgniter(Object(CodeIgniter\CodeIgniter))
10 FCPATH\index.php(59): CodeIgniter\Boot::bootWeb(Object(Config\Paths))
DEBUG - 2026-03-12 09:50:16 --> Session: Class initialized using 'CodeIgniter\Session\Handlers\FileHandler' driver.
DEBUG - 2026-03-12 09:54:37 --> Session: Class initialized using 'CodeIgniter\Session\Handlers\FileHandler' driver.
DEBUG - 2026-03-12 09:57:35 --> Session: Class initialized using 'CodeIgniter\Session\Handlers\FileHandler' driver.
DEBUG - 2026-03-12 09:58:51 --> Session: Class initialized using 'CodeIgniter\Session\Handlers\FileHandler' driver.
DEBUG - 2026-03-12 10:01:55 --> Session: Class initialized using 'CodeIgniter\Session\Handlers\FileHandler' driver.
DEBUG - 2026-03-12 10:01:58 --> Session: Class initialized using 'CodeIgniter\Session\Handlers\FileHandler' driver.
DEBUG - 2026-03-12 10:17:06 --> Session: Class initialized using 'CodeIgniter\Session\Handlers\FileHandler' driver.
DEBUG - 2026-03-12 10:17:06 --> Session: Class initialized using 'CodeIgniter\Session\Handlers\FileHandler' driver.
DEBUG - 2026-03-12 10:17:11 --> Session: Class initialized using 'CodeIgniter\Session\Handlers\FileHandler' driver.
DEBUG - 2026-03-12 10:17:11 --> Session: Class initialized using 'CodeIgniter\Session\Handlers\FileHandler' driver.
DEBUG - 2026-03-12 13:18:00 --> Session: Class initialized using 'CodeIgniter\Session\Handlers\FileHandler' driver.
DEBUG - 2026-03-12 13:18:00 --> Session: Class initialized using 'CodeIgniter\Session\Handlers\FileHandler' driver.
DEBUG - 2026-03-12 13:18:08 --> Session: Class initialized using 'CodeIgniter\Session\Handlers\FileHandler' driver.
DEBUG - 2026-03-12 13:18:09 --> Session: Class initialized using 'CodeIgniter\Session\Handlers\FileHandler' driver.
DEBUG - 2026-03-12 14:02:35 --> Session: Class initialized using 'CodeIgniter\Session\Handlers\FileHandler' driver.
DEBUG - 2026-03-12 14:02:48 --> Session: Class initialized using 'CodeIgniter\Session\Handlers\FileHandler' driver.
DEBUG - 2026-03-12 14:05:12 --> Session: Class initialized using 'CodeIgniter\Session\Handlers\FileHandler' driver.
DEBUG - 2026-03-12 14:19:33 --> Session: Class initialized using 'CodeIgniter\Session\Handlers\FileHandler' driver.
WARNING - 2026-03-12 14:19:33 --> [DEPRECATED] strpos(): Passing null to parameter #1 ($haystack) of type string is deprecated in APPPATH\Views\inventory\log_karyawan_view.php on line 98.
 1 APPPATH\Views\inventory\log_karyawan_view.php(98): strpos(null, 'Depan')
 2 SYSTEMPATH\View\View.php(238): include('C:\\xampp\\htdocs\\ga-inventory\\app\\Views\\inventory\\log_karyawan_view.php')
 3 SYSTEMPATH\View\View.php(241): CodeIgniter\View\View->CodeIgniter\View\{closure}()
 4 SYSTEMPATH\Common.php(1250): CodeIgniter\View\View->render('inventory/log_karyawan_view', [], true)
 5 APPPATH\Controllers\Inventory.php(815): view('inventory/log_karyawan_view', [...])
 6 SYSTEMPATH\CodeIgniter.php(951): App\Controllers\Inventory->view_log_karyawan()
 7 SYSTEMPATH\CodeIgniter.php(497): CodeIgniter\CodeIgniter->runController(Object(App\Controllers\Inventory))
 8 SYSTEMPATH\CodeIgniter.php(340): CodeIgniter\CodeIgniter->handleRequest(null, Object(Config\Cache), false)
 9 SYSTEMPATH\Boot.php(417): CodeIgniter\CodeIgniter->run()
10 SYSTEMPATH\Boot.php(68): CodeIgniter\Boot::runCodeIgniter(Object(CodeIgniter\CodeIgniter))
11 FCPATH\index.php(59): CodeIgniter\Boot::bootWeb(Object(Config\Paths))
DEBUG - 2026-03-12 14:36:37 --> Session: Class initialized using 'CodeIgniter\Session\Handlers\FileHandler' driver.
DEBUG - 2026-03-12 14:38:26 --> Session: Class initialized using 'CodeIgniter\Session\Handlers\FileHandler' driver.
WARNING - 2026-03-12 14:38:26 --> [DEPRECATED] strpos(): Passing null to parameter #1 ($haystack) of type string is deprecated in APPPATH\Views\inventory\log_karyawan_view.php on line 98.
 1 APPPATH\Views\inventory\log_karyawan_view.php(98): strpos(null, 'Depan')
 2 SYSTEMPATH\View\View.php(238): include('C:\\xampp\\htdocs\\ga-inventory\\app\\Views\\inventory\\log_karyawan_view.php')
 3 SYSTEMPATH\View\View.php(241): CodeIgniter\View\View->CodeIgniter\View\{closure}()
 4 SYSTEMPATH\Common.php(1250): CodeIgniter\View\View->render('inventory/log_karyawan_view', [], true)
 5 APPPATH\Controllers\Inventory.php(815): view('inventory/log_karyawan_view', [...])
 6 SYSTEMPATH\CodeIgniter.php(951): App\Controllers\Inventory->view_log_karyawan()
 7 SYSTEMPATH\CodeIgniter.php(497): CodeIgniter\CodeIgniter->runController(Object(App\Controllers\Inventory))
 8 SYSTEMPATH\CodeIgniter.php(340): CodeIgniter\CodeIgniter->handleRequest(null, Object(Config\Cache), false)
 9 SYSTEMPATH\Boot.php(417): CodeIgniter\CodeIgniter->run()
10 SYSTEMPATH\Boot.php(68): CodeIgniter\Boot::runCodeIgniter(Object(CodeIgniter\CodeIgniter))
11 FCPATH\index.php(59): CodeIgniter\Boot::bootWeb(Object(Config\Paths))
DEBUG - 2026-03-12 14:54:01 --> Session: Class initialized using 'CodeIgniter\Session\Handlers\FileHandler' driver.
DEBUG - 2026-03-12 14:54:03 --> Session: Class initialized using 'CodeIgniter\Session\Handlers\FileHandler' driver.
DEBUG - 2026-03-12 15:23:31 --> Session: Class initialized using 'CodeIgniter\Session\Handlers\FileHandler' driver.
DEBUG - 2026-03-12 15:52:34 --> Session: Class initialized using 'CodeIgniter\Session\Handlers\FileHandler' driver.
DEBUG - 2026-03-12 15:52:34 --> Session: Class initialized using 'CodeIgniter\Session\Handlers\FileHandler' driver.
